{"name": "test_count_of_all_products", "status": "skipped", "statusDetails": {"message": "XFAIL Wait forfix bug #223455\n\nAssertionError: Unexpected count of products\nassert 17 == 15\n +  where 17 = len([<selenium.webdriver.remote.webelement.WebElement (session=\"c82bf53b04405955cf05685d974d9225\", element=\"81D3AC82BB7DF3....WebElement (session=\"c82bf53b04405955cf05685d974d9225\", element=\"81D3AC82BB7DF3DDFD350AF6E0844410_element_139\")>, ...])", "trace": "browser = <selenium.webdriver.chrome.webdriver.WebDriver (session=\"c82bf53b04405955cf05685d974d9225\")>\n\n    @pytest.mark.xfail(reason=\"Wait forfix bug #223455\")\n    def test_count_of_all_products(browser):\n      \"\"\"\n      Tast case TC-3\n      \"\"\"\n      browser.get(url=URL)\n    \n      browser.execute_script(\"window.scrollTo(0, document.body.scrollHeight);\")\n    \n      WebDriverWait(browser, timeout=10, poll_frequency=2).until(EC.text_to_be_present_in_element(\n      (By.CLASS_NAME, \"razzi-posts__found-inner\"), \"Показано 17 из 17 товары\"))\n    \n      elements = browser.find_elements(by=By.CSS_SELECTOR, value=\"[id='rz-shop-content'] ul li\")\n    \n>     assert len(elements) == 15, \"Unexpected count of products\"\nE     AssertionError: Unexpected count of products\nE     assert 17 == 15\nE      +  where 17 = len([<selenium.webdriver.remote.webelement.WebElement (session=\"c82bf53b04405955cf05685d974d9225\", element=\"81D3AC82BB7DF3....WebElement (session=\"c82bf53b04405955cf05685d974d9225\", element=\"81D3AC82BB7DF3DDFD350AF6E0844410_element_139\")>, ...])\n\nTests\\test_first.py:60: AssertionError"}, "description": "\n  Tast case TC-3\n  ", "start": 1697186915076, "stop": 1697186918348, "uuid": "8a3747f7-3c90-4630-8017-29c61a40ddd9", "historyId": "9799ad1079a3f862d62fb46885bddb33", "testCaseId": "9799ad1079a3f862d62fb46885bddb33", "fullName": "Tests.test_first#test_count_of_all_products", "labels": [{"name": "tag", "value": "@pytest.mark.xfail(reason='Wait forfix bug #223455')"}, {"name": "parentSuite", "value": "Tests"}, {"name": "suite", "value": "test_first"}, {"name": "host", "value": "Revision-PC"}, {"name": "thread", "value": "9624-MainThread"}, {"name": "framework", "value": "pytest"}, {"name": "language", "value": "cpython3"}, {"name": "package", "value": "Tests.test_first"}]}